=== LIVELO SCRAPER ===
Iniciando navegador...
✓ Navegador iniciado
Acessando site da Livelo...
✓ Site carregado - 267 elementos encontrados
Carregando página completa...
✓ Página carregada completamente
Extraindo dados dos parceiros...
Processando 282 elementos...
○ 1/282: Hoteis.com
○ 2/282: Azul Viagens
○ 3/282: Beto Carrero World
○ 4/282: Azul Viagens
○ 5/282: Booking.com
○ 6/282: Hoteis.com
○ 7/282: Azul Viagens
○ 8/282: Beto Carrero World
○ 9/282: Azul Viagens
○ 10/282: Booking.com
✓ 11/282: Hoteis.com
✓ 12/282: Azul Viagens
✓ 13/282: Beto Carrero World
○ 14/282: Azul Viagens
○ 15/282: Booking.com
✓ 50/282: Budget
✓ 100/282: Estoque
✓ 150/282: Lacoste
✓ 200/282: Osklen
✓ 250/282: SulAmérica Seguro Viagem
✓ 282/282: Época cosmésticos
✓ Extração bruta concluída: 282 elementos processados
Limpando e validando dados...
✓ Filtrados 12 registros com N/A
✓ Removidas 0 duplicatas completas
✓ Resolvidas 3 duplicatas parciais (priorizando oferta 'Sim')
✓ Dataset final: 267 registros válidos
✓ Dados salvos: livelo_parceiros.xlsx
✓ Cópia salva: output/livelo_parceiros.xlsx
✓ Navegador encerrado
✓ Processo concluído com sucesso!
