Executando livelo_scraper.py...
Saída de livelo_scraper.py:
Iniciando Chrome com configurações anti-detecção...
User-Agent selecionado: Mozilla/5.0 (Macintosh; Intel Mac OS X 10_15_7) AppleWebKit/537.36 (KHTML, like Gecko) Chrome/122.0.0.0 Safari/537.36
Iniciando novo processo do Chrome...
Chrome iniciado com sucesso. Sessão ID: f9bd40bfab22e675f528354ace1dd686
Iniciando navegação para o site da Livelo...

--- Tentando URL_Principal ---
Tentando carregar URL_Principal: https://www.livelo.com.br/juntar-pontos/todos-os-parceiros
Tentativa 1/2: Acessando URL_Principal...
Aguardando carregamento dinâmico...
Verificando elementos principais...
✓ Encontrados 44 elementos com seletor: img[src*='logo']
✓ Elementos genéricos encontrados com: img[src*='logo']
✓ Encontrados 2 elementos com XPath: //div[contains(@class, 'card')]
Elementos encontrados! Rolando página para carregar tudo...
Altura da página: 30899px
✓ Página URL_Principal carregada com sucesso!
Iniciando extração de dados...
Iniciando extração de dados...
Testando qual XPath funciona...
Testando: /html/body/div[1]/div[6]/div[2]/div[1]
✗ XPath não funcionou: /html/body/div[1]/div[6]/div[2]/div[{x}]
Testando: /html/body/div[4]/main/div[1]/div[37]/div/div/div[2]/section/div[2]/div[3]/div[1]
✗ XPath não funcionou: /html/body/div[4]/main/div[1]/div[37]/div/div/div[2]/section/div[2]/div[3]/div[{x}]
Testando: //div[contains(@class, 'parity__card')][1]
✗ XPath não funcionou: //div[contains(@class, 'parity__card')][{x}]
Testando: //div[contains(@class, 'card')][1]
✓ XPath funcionando: //div[contains(@class, 'card')][{x}]
Usando estratégia: //div[contains(@class, 'card')][{x}]
Extraído 1: Festival de Pontos está incrível com muitas ofertas para você pontuar ainda mais | Sim | R$ | Valor: N/A | Pontos: N/A
Total de parceiros extraídos: 1
Arquivo /home/runner/work/livelo_scraper/livelo_scraper/livelo_parceiros.xlsx encontrado. Verificando dados existentes...
Substituindo dados do dia 2025-07-23...
Dados salvos no arquivo: /home/runner/work/livelo_scraper/livelo_scraper/livelo_parceiros.xlsx
Cópia salva em: output/livelo_parceiros.xlsx
Encerrando driver do Selenium...
Driver encerrado com sucesso.
Encerramento completo.
Processo de scraping concluído com sucesso!

Executando livelo_reporter.py...
Saída de livelo_reporter.py:

--- INICIANDO PROCESSAMENTO ---

Verificando arquivo: livelo_parceiros.xlsx
Diretório de trabalho atual: /home/runner/work/livelo_scraper/livelo_scraper
✓ Arquivo encontrado: livelo_parceiros.xlsx
Carregando dados de livelo_parceiros.xlsx...

Dados completos carregados: 12019 registros
Data mais recente: 2025-07-23
Registros da data mais recente: 1 de 12019 total

--- CALCULANDO MÉTRICAS ---

Identificados 3 novos parceiros (≤7 ocorrências)
Cálculo de dias com pontuação atual (corrigido):

Exemplos de dias com pontuação atual para verificação:

Total de parceiros atuais: 0
Parceiros com oferta: 0
Novas ofertas (<7 dias): 0
Novos parceiros: 0

Top 3 melhores parceiros:

--- GERANDO GRÁFICOS ---


--- GERANDO RELATÓRIO HTML ---

✓ Relatório salvo em /home/runner/work/livelo_scraper/livelo_scraper/relatorios/report_2025-07-23.html
✓ Cópia do relatório salva na raiz como: /home/runner/work/livelo_scraper/livelo_scraper/relatorio_livelo.html

--- PROCESSAMENTO CONCLUÍDO COM SUCESSO ---

📊 Relatório gerado com 0 registros atuais
📄 Relatório salvo em: /home/runner/work/livelo_scraper/livelo_scraper/relatorios/report_2025-07-23.html

Erros de livelo_reporter.py:
/home/runner/work/livelo_scraper/livelo_scraper/livelo_reporter.py:131: FutureWarning: A value is trying to be set on a copy of a DataFrame or Series through chained assignment using an inplace method.
The behavior will change in pandas 3.0. This inplace method will never work because the intermediate object on which we are setting values always behaves as a copy.

For example, when doing 'df[col].method(value, inplace=True)', try using 'df.method({col: value}, inplace=True)' or df[col] = df[col].method(value) instead, to perform the operation inplace on the original object.


  df['Pontos_por_Moeda'].replace([np.inf, -np.inf], np.nan, inplace=True)
/home/runner/work/livelo_scraper/livelo_scraper/livelo_reporter.py:131: FutureWarning: A value is trying to be set on a copy of a DataFrame or Series through chained assignment using an inplace method.
The behavior will change in pandas 3.0. This inplace method will never work because the intermediate object on which we are setting values always behaves as a copy.

For example, when doing 'df[col].method(value, inplace=True)', try using 'df.method({col: value}, inplace=True)' or df[col] = df[col].method(value) instead, to perform the operation inplace on the original object.


  df['Pontos_por_Moeda'].replace([np.inf, -np.inf], np.nan, inplace=True)

Todos os scripts foram executados com sucesso.
