Executando livelo_scraper.py...
Saída de livelo_scraper.py:
=== LIVELO SCRAPER ===
Iniciando navegador...
✓ Navegador iniciado
Acessando site da Livelo...
✓ Site carregado - 279 elementos encontrados
Carregando página completa...
✓ Página carregada completamente
Extraindo dados dos parceiros...
Processando 279 elementos...
○ 1/279: Hoteis.com
○ 2/279: Buser
○ 3/279: Azul Viagens
○ 4/279: Booking.com
○ 5/279: Localiza
○ 6/279: Hoteis.com
○ 7/279: Buser
○ 8/279: Azul Viagens
○ 9/279: Booking.com
○ 10/279: Localiza
○ 11/279: Hoteis.com
✓ 12/279: Buser
○ 13/279: Azul Viagens
○ 14/279: Booking.com
○ 15/279: Localiza
✓ 50/279: Bulbe Energia
✓ 100/279: Estoque
✓ 150/279: Liga Vitória - Seguro de Viagem
✓ 200/279: Oster
✓ 250/279: Supernosso
✓ 279/279: Época cosmésticos
✓ Extração bruta concluída: 279 elementos processados
Limpando e validando dados...
✓ Filtrados 14 registros com N/A
✓ Removidas 0 duplicatas completas
✓ Resolvidas 1 duplicatas parciais (priorizando oferta 'Sim')
✓ Dataset final: 264 registros válidos
Substituindo dados de 2025-08-14...
✓ Dados salvos: livelo_parceiros.xlsx
✓ Cópia salva: output/livelo_parceiros.xlsx
✓ Navegador encerrado
✓ Processo concluído com sucesso!

Executando livelo_reporter.py...
Saída de livelo_reporter.py:

Erros de livelo_reporter.py:
  File "/home/runner/work/livelo_scraper/livelo_scraper/livelo_reporter.py", line 1
    import pandas as pd
IndentationError: unexpected indent

Falha no reporter. Saindo.
