Executando livelo_scraper.py...
Saída de livelo_scraper.py:
=== LIVELO SCRAPER ===
Iniciando navegador...
✓ Navegador iniciado
Acessando site da Livelo...
✓ Site carregado - 281 elementos encontrados
Carregando página completa...
✓ Página carregada completamente
Extraindo dados dos parceiros...
Processando 281 elementos...
○ 1/281: Hoteis.com
○ 2/281: Buser
○ 3/281: Azul Viagens
○ 4/281: Booking.com
○ 5/281: Localiza
○ 6/281: Hoteis.com
○ 7/281: Buser
○ 8/281: Azul Viagens
○ 9/281: Booking.com
○ 10/281: Localiza
○ 11/281: Hoteis.com
✓ 12/281: Buser
○ 13/281: Azul Viagens
○ 14/281: Booking.com
○ 15/281: Localiza
✓ 50/281: Budget
✓ 100/281: Estoque
✓ 150/281: Lacoste
✓ 200/281: Oster
✓ 250/281: Summerville
✓ 281/281: Época cosmésticos
✓ Extração bruta concluída: 281 elementos processados
Limpando e validando dados...
✓ Filtrados 14 registros com N/A
✓ Removidas 0 duplicatas completas
✓ Resolvidas 1 duplicatas parciais (priorizando oferta 'Sim')
✓ Dataset final: 266 registros válidos
Substituindo dados de 2025-08-12...
✓ Dados salvos: livelo_parceiros.xlsx
✓ Cópia salva: output/livelo_parceiros.xlsx
✓ Navegador encerrado
✓ Processo concluído com sucesso!

Executando livelo_reporter.py...
Saída de livelo_reporter.py:

Erros de livelo_reporter.py:
  File "/home/runner/work/livelo_scraper/livelo_scraper/livelo_reporter.py", line 1
    def gerar_html_completo(self):
IndentationError: unexpected indent

Falha no reporter. Saindo.
